<?xml version="1.0" encoding="UTF-8"?>
<!-- Generated by org.testng.reporters.JUnitReportReporter -->
<testsuite hostname="Lenovo-PC" failures="0" tests="4" name="parallelTesting.ParameterSample" time="-1686653440.000" errors="1" timestamp="2023-06-13T16:22:27 IST" skipped="3">
  <testcase classname="parallelTesting.ParameterSample" name="findPageTitle" time="0.000">
    <skipped/>
  </testcase> <!-- findPageTitle -->
  <testcase classname="parallelTesting.ParameterSample" name="setup" time="-1686653440.000">
    <error message="
Parameter &#039;browser&#039; is required by BeforeClass on method setup but has not been marked @Optional or defined
in D:\eclipse\TestNG\ParallelTesting.xml" type="org.testng.TestNGException">
      <![CDATA[org.testng.TestNGException: 
Parameter 'browser' is required by BeforeClass on method setup but has not been marked @Optional or defined
in D:\eclipse\TestNG\ParallelTesting.xml
at org.testng.internal.Parameters.createParams(Parameters.java:267)
at org.testng.internal.Parameters.createParametersForMethod(Parameters.java:355)
at org.testng.internal.Parameters.createParameters(Parameters.java:684)
at org.testng.internal.Parameters.createConfigurationParameters(Parameters.java:166)
at org.testng.internal.invokers.ConfigInvoker.invokeConfigurations(ConfigInvoker.java:306)
at org.testng.internal.invokers.TestMethodWorker.invokeBeforeClassMethods(TestMethodWorker.java:180)
at org.testng.internal.invokers.TestMethodWorker.run(TestMethodWorker.java:122)
at java.base/java.util.concurrent.ThreadPoolExecutor.runWorker(ThreadPoolExecutor.java:1136)
at java.base/java.util.concurrent.ThreadPoolExecutor$Worker.run(ThreadPoolExecutor.java:635)
at java.base/java.lang.Thread.run(Thread.java:833)
]]>
    </error>
  </testcase> <!-- setup -->
  <testcase classname="parallelTesting.ParameterSample" name="findLogo" time="0.001">
    <skipped/>
  </testcase> <!-- findLogo -->
  <testcase classname="parallelTesting.ParameterSample" name="homePageLogin" time="0.000">
    <skipped/>
  </testcase> <!-- homePageLogin -->
</testsuite> <!-- parallelTesting.ParameterSample -->
